<?xml version="1.0" encoding="UTF-8"?>
<!-- Generated by org.testng.reporters.JUnitReportReporter -->
<testsuite hostname="DESKTOP-OHAED0Q" failures="0" tests="1" name="com.testng.demo.TestNgDemoTest" time="0.026" errors="0" timestamp="2022-07-18T15:31:57 IST" skipped="0">
  <testcase classname="com.testng.demo.TestNgDemoTest" name="TestNgDemo" time="0.026"/>
  <system-out/>
</testsuite> <!-- com.testng.demo.TestNgDemoTest -->
